<?xml version="1.0" encoding="UTF-8"?>
<testng-results ignored="0" total="1" passed="1" failed="0" skipped="0">
  <reporter-output>
  </reporter-output>
  <suite started-at="2022-05-12T17:13:03 IST" name="Suite" finished-at="2022-05-12T17:13:19 IST" duration-ms="15227">
    <groups>
    </groups>
    <test started-at="2022-05-12T17:13:03 IST" name="Test" finished-at="2022-05-12T17:13:19 IST" duration-ms="15227">
      <class name="amolselfpractice.ExtentReport">
        <test-method is-config="true" signature="basicConfig()[pri:0, instance:amolselfpractice.ExtentReport@15eb5ee5]" started-at="2022-05-12T17:13:03 IST" name="basicConfig" finished-at="2022-05-12T17:13:04 IST" duration-ms="233" status="PASS">
          <reporter-output>
          </reporter-output>
        </test-method> <!-- basicConfig -->
        <test-method signature="exportreportdemo()[pri:0, instance:amolselfpractice.ExtentReport@15eb5ee5]" started-at="2022-05-12T17:13:04 IST" name="exportreportdemo" finished-at="2022-05-12T17:13:19 IST" duration-ms="14961" status="PASS">
          <reporter-output>
          </reporter-output>
        </test-method> <!-- exportreportdemo -->
      </class> <!-- amolselfpractice.ExtentReport -->
    </test> <!-- Test -->
  </suite> <!-- Suite -->
</testng-results>
